\BOOKMARK [-1][-]{part.1}{\376\377\0001\000.\000\040\321\060\261\020\000\040\311\300\274\364\307\254}{}% 1
\BOOKMARK [0][-]{section.0.1}{\376\377\311\300\274\364\307\254\000\040\302\334\254\365\254\304\326\215}{part.1}% 2
\BOOKMARK [1][-]{subsection.0.1.1}{\376\377\307\174\274\030\300\254\325\155}{section.0.1}% 3
\BOOKMARK [2][-]{subsection.0.1.2}{\376\377\307\254\270\314}{subsection.0.1.1}% 4
\BOOKMARK [2][-]{subsection.0.1.3}{\376\377\302\334\254\365}{subsection.0.1.1}% 5
\BOOKMARK [1][-]{section.0.2}{\376\377\254\025\311\300\274\364\307\254}{section.0.1}% 6
\BOOKMARK [2][-]{subsection.0.2.1}{\376\377\307\174\274\030\300\254\325\155}{section.0.2}% 7
\BOOKMARK [2][-]{subsection.0.2.2}{\376\377\307\254\270\314}{section.0.2}% 8
\BOOKMARK [2][-]{subsection.0.2.3}{\376\377\302\334\254\365}{section.0.2}% 9
\BOOKMARK [1][-]{section.0.3}{\376\377\302\017\320\154\271\254\322\270}{section.0.1}% 10
\BOOKMARK [2][-]{subsection.0.3.1}{\376\377\307\174\274\030\300\254\325\155}{section.0.3}% 11
\BOOKMARK [2][-]{subsection.0.3.2}{\376\377\307\254\270\314}{section.0.3}% 12
\BOOKMARK [2][-]{subsection.0.3.3}{\376\377\302\334\254\365}{section.0.3}% 13
\BOOKMARK [1][-]{section.0.4}{\376\377\270\135\274\374\322\270}{section.0.1}% 14
\BOOKMARK [2][-]{subsection.0.4.1}{\376\377\307\174\274\030\300\254\325\155}{section.0.4}% 15
\BOOKMARK [2][-]{subsection.0.4.2}{\376\377\307\254\270\314}{section.0.4}% 16
\BOOKMARK [2][-]{subsection.0.4.3}{\376\377\302\334\254\365}{section.0.4}% 17
\BOOKMARK [-1][-]{part.2}{\376\377\0002\000.\000\040\321\060\261\020\000\040\254\304\316\041}{}% 18
\BOOKMARK [0][-]{chapter.1}{\376\377\254\374\305\305\254\034\306\224}{part.2}% 19
\BOOKMARK [1][-]{section.1.1}{\376\377\254\374\305\305\000\040\254\034\306\224}{chapter.1}% 20
\BOOKMARK [1][-]{section.1.2}{\376\377\254\304\316\041\254\304\326\215\301\034\307\130\000\040\310\034\315\234}{chapter.1}% 21
\BOOKMARK [0][-]{chapter.2}{\376\377\254\304\316\041\255\000\271\254\254\304\326\215}{part.2}% 22
\BOOKMARK [1][-]{section.2.1}{\376\377\254\304\316\041\325\155\272\251\274\304\000\040\301\044\254\304\302\030\267\311}{chapter.2}% 23
\BOOKMARK [1][-]{section.2.2}{\376\377\254\304\316\041\255\000\271\254\000\040\305\305\273\064\000\040\326\021\270\045\000\040\314\264\254\304}{chapter.2}% 24
\BOOKMARK [1][-]{section.2.3}{\376\377\254\304\316\041\255\000\271\254\000\040\307\170\306\320\310\160\311\301\263\304\000\040\274\017\000\040\307\245\276\104\000\040\322\054\307\205\000\040\254\304\326\215}{chapter.2}% 25
\BOOKMARK [1][-]{section.2.4}{\376\377\254\304\316\041\000\040\302\334\254\365\000\040\255\000\271\254\000\040\254\304\326\215}{chapter.2}% 26
\BOOKMARK [0][-]{chapter.3}{\376\377\254\304\316\041\000\040\302\030\325\211\000\040\274\017\000\040\254\260\254\374\000\040\274\364\254\340}{part.2}% 27
\BOOKMARK [1][-]{section.3.1}{\376\377\254\304\316\041\000\040\302\030\325\211\000\040\274\017\000\040\307\220\270\314\310\025\271\254}{chapter.3}% 28
\BOOKMARK [1][-]{section.3.2}{\376\377\254\304\316\041\000\040\254\260\254\374\000\040\274\364\254\340}{chapter.3}% 29
\BOOKMARK [0][-]{chapter.4}{\376\377\254\304\316\041\000\040\255\000\271\254\000\040\256\060\311\000}{part.2}% 30
\BOOKMARK [1][-]{section.4.1}{\376\377\254\304\316\041\000\040\255\000\271\254\000\040\256\060\311\000}{chapter.4}% 31
\BOOKMARK [1][-]{section.4.2}{\376\377\321\060\261\020\255\154\254\004\000\040\254\304\316\041\255\000\271\254\314\264\310\034}{chapter.4}% 32
\BOOKMARK [1][-]{section.4.3}{\376\377\302\334\254\365\262\350\254\304\274\304\000\040\254\304\316\041\316\130\000\040\326\134\306\251\274\051\305\110}{chapter.4}% 33
\BOOKMARK [1][-]{section.4.4}{\376\377\307\174\274\030\310\001\307\170\000\040\254\304\316\041\255\000\271\254\000\040\256\060\311\000}{chapter.4}% 34
\BOOKMARK [1][-]{section.4.5}{\376\377\262\371\000\040\326\004\307\245\000\040\254\304\316\041\255\000\271\254\256\060\311\000}{chapter.4}% 35
\BOOKMARK [0][-]{chapter.5}{\376\377\254\304\316\041\000\040\324\210\311\310\255\000\271\254\000\040\254\304\326\215}{part.2}% 36
\BOOKMARK [1][-]{section.5.1}{\376\377\321\060\261\020\302\334\254\365\311\021\307\130\000\040\326\004\300\301\000\040\274\017\000\040\263\000\307\121\263\000\314\105}{chapter.5}% 37
\BOOKMARK [1][-]{section.5.2}{\376\377\271\311\307\245\305\110\310\025\000\040\263\000\314\105}{chapter.5}% 38
\BOOKMARK [1][-]{section.5.3}{\376\377\255\000\271\254\256\060\311\000\316\130\000\040\315\010\254\374\302\334\000\040\310\160\316\130\306\224\270\071}{chapter.5}% 39
\BOOKMARK [0][-]{chapter.6}{\376\377\305\110\310\004\255\000\271\254\315\224\311\304\254\304\326\215}{part.2}% 40
\BOOKMARK [1][-]{section.6.1}{\376\377\305\110\310\004\255\120\307\041}{chapter.6}% 41
\BOOKMARK [1][-]{section.6.2}{\376\377\326\004\307\245\311\300\306\320\254\304\326\215}{chapter.6}% 42
\BOOKMARK [0][-]{chapter.7}{\376\377\275\200\270\135}{part.2}% 43
\BOOKMARK [1][-]{section.7.1}{\376\377\254\304\316\041\254\304\326\215\263\304\000\040\274\017\000\040\300\301\301\070\263\304}{chapter.7}% 44
\BOOKMARK [1][-]{section.7.2}{\376\377\306\010\310\025\254\365\310\025\324\134}{chapter.7}% 45
